2024/10/14 14:23:08 | 200 |      3.2894ms |             ::1 | GET     "/notes/status"
2024/10/14 14:23:24 | 400 |      10.097ms |             ::1 | POST    "/notes/createNotes"
2024/10/14 14:23:31 | 200 |      3.7733ms |             ::1 | POST    "/notes/createNotes"
2024/10/14 14:23:32 | 400 |      3.0349ms |             ::1 | POST    "/notes/createNotes"
2024/10/14 15:05:45 | 400 |      2.5218ms |             ::1 | GET     "/notes/"
2024/10/14 15:05:47 | 400 |      3.9309ms |             ::1 | GET     "/notes/"
2024/10/14 15:06:17 | 200 |      2.5788ms |             ::1 | GET     "/notes/status"
2024/10/14 15:06:18 | 200 |      1.4158ms |             ::1 | GET     "/notes/status"
2024/10/14 15:06:19 | 200 |      3.1465ms |             ::1 | GET     "/notes/status"
2024/10/14 15:06:20 | 200 |      1.5175ms |             ::1 | GET     "/notes/status"
2024/10/14 15:06:21 | 200 |      2.1602ms |             ::1 | GET     "/notes/status"
2024/10/14 15:06:22 | 200 |       1.524ms |             ::1 | GET     "/notes/status"
2024/10/14 15:06:23 | 200 |      1.0003ms |             ::1 | GET     "/notes/status"
2024/10/14 15:06:23 | 200 |       886.9µs |             ::1 | GET     "/notes/status"
2024/10/14 15:06:24 | 200 |      2.1033ms |             ::1 | GET     "/notes/status"
2024/10/14 15:08:00 | 200 |      3.1286ms |             ::1 | GET     "/notes/status"
2024/10/14 15:08:01 | 200 |       950.2µs |             ::1 | GET     "/notes/status"
2024/10/14 15:11:23 | 200 |      1.6472ms |             ::1 | GET     "/notes/status"
2024/10/14 15:11:24 | 200 |      1.5447ms |             ::1 | GET     "/notes/status"
2024/10/14 15:12:17 | 200 |      2.6547ms |             ::1 | GET     "/notes/status"
2024/10/14 15:12:18 | 200 |      2.5542ms |             ::1 | GET     "/notes/status"
2024/10/14 15:12:37 | 200 |      6.2396ms |             ::1 | POST    "/auth/login"
2024/10/14 15:12:38 | 200 |      3.0029ms |             ::1 | POST    "/auth/login"
2024/10/14 15:12:39 | 200 |      2.7082ms |             ::1 | POST    "/auth/login"
2024/10/14 15:12:41 | 400 |       1.512ms |             ::1 | POST    "/auth/register"
2024/10/14 15:12:42 | 400 |       866.1µs |             ::1 | POST    "/auth/register"
